# JRE version: OpenJDK Runtime Environment OpenLogic-OpenJDK (21.0.6+7) (build 21.0.6+7-adhoc.Administrator.jdk21u)
# Java VM: OpenJDK 64-Bit Server VM OpenLogic-OpenJDK (21.0.6+7-adhoc.Administrator.jdk21u, mixed mode, emulated-client, sharing, tiered, compressed oops, compressed class ptrs, g1 gc, windows-amd64)
GC Precious Log:
 CardTable entry size: 512
 Card Set container configuration: InlinePtr #cards 4 size 8 Array Of Cards #cards 64 size 144 Howl #buckets 8 coarsen threshold 14745 Howl Bitmap #cards 2048 size 272 coarsen threshold 1843 Card regions per heap region 1 cards per card region 16384
 CPUs: 24 total, 24 available
 Memory: 65276M
 Large Page Support: Disabled
 NUMA Support: Disabled
 Compressed Oops: Enabled (Zero based)
 Heap Region Size: 8M
 Heap Min Capacity: 8M
 Heap Initial Capacity: 1G
 Heap Max Capacity: 16320M
 Pre-touch: Disabled
 Parallel Workers: 18
 Concurrent Workers: 5
 Concurrent Refinement Workers: 18
 Periodic GC: Disabled
Heap:
 garbage-first heap   total 114688K, used 87685K [0x0000000404000000, 0x0000000800000000)
  region size 8192K, 7 young (57344K), 1 survivors (8192K)
 Metaspace       used 87169K, committed 88064K, reserved 1179648K
  class space    used 12474K, committed 12864K, reserved 1048576K
GC Heap History (20 events):
Event: 7671.536 GC heap after
{Heap after GC invocations=51 (full 3):
 garbage-first heap   total 114688K, used 41663K [0x0000000404000000, 0x0000000800000000)
  region size 8192K, 1 young (8192K), 1 survivors (8192K)
 Metaspace       used 85925K, committed 86784K, reserved 1179648K
  class space    used 12355K, committed 12736K, reserved 1048576K
}
Event: 8013.234 GC heap before
{Heap before GC invocations=51 (full 3):
 garbage-first heap   total 114688K, used 66239K [0x0000000404000000, 0x0000000800000000)
  region size 8192K, 5 young (40960K), 1 survivors (8192K)
 Metaspace       used 85931K, committed 86784K, reserved 1179648K
  class space    used 12356K, committed 12736K, reserved 1048576K
}
Event: 8013.291 GC heap after
{Heap after GC invocations=52 (full 4):
 garbage-first heap   total 114688K, used 27608K [0x0000000404000000, 0x0000000800000000)
  region size 8192K, 0 young (0K), 0 survivors (0K)
 Metaspace       used 85667K, committed 86784K, reserved 1179648K
  class space    used 12290K, committed 12736K, reserved 1048576K
}
Event: 8016.342 GC heap before
{Heap before GC invocations=52 (full 4):
 garbage-first heap   total 114688K, used 93144K [0x0000000404000000, 0x0000000800000000)
  region size 8192K, 8 young (65536K), 0 survivors (0K)
 Metaspace       used 86059K, committed 86912K, reserved 1179648K
  class space    used 12365K, committed 12736K, reserved 1048576K
}
Event: 8016.343 GC heap after
{Heap after GC invocations=53 (full 4):
 garbage-first heap   total 114688K, used 34706K [0x0000000404000000, 0x0000000800000000)
  region size 8192K, 1 young (8192K), 1 survivors (8192K)
 Metaspace       used 86059K, committed 86912K, reserved 1179648K
  class space    used 12365K, committed 12736K, reserved 1048576K
}
Event: 8046.801 GC heap before
{Heap before GC invocations=54 (full 4):
 garbage-first heap   total 114688K, used 92050K [0x0000000404000000, 0x0000000800000000)
  region size 8192K, 8 young (65536K), 1 survivors (8192K)
 Metaspace       used 86738K, committed 87680K, reserved 1179648K
  class space    used 12448K, committed 12864K, reserved 1048576K
}
Event: 8046.803 GC heap after
{Heap after GC invocations=55 (full 4):
 garbage-first heap   total 114688K, used 38293K [0x0000000404000000, 0x0000000800000000)
  region size 8192K, 1 young (8192K), 1 survivors (8192K)
 Metaspace       used 86738K, committed 87680K, reserved 1179648K
  class space    used 12448K, committed 12864K, reserved 1048576K
}
Event: 8608.622 GC heap before
{Heap before GC invocations=55 (full 4):
 garbage-first heap   total 114688K, used 87445K [0x0000000404000000, 0x0000000800000000)
  region size 8192K, 7 young (57344K), 1 survivors (8192K)
 Metaspace       used 86738K, committed 87680K, reserved 1179648K
  class space    used 12448K, committed 12864K, reserved 1048576K
}
Event: 8608.626 GC heap after
{Heap after GC invocations=56 (full 4):
 garbage-first heap   total 114688K, used 39324K [0x0000000404000000, 0x0000000800000000)
  region size 8192K, 1 young (8192K), 1 survivors (8192K)
 Metaspace       used 86738K, committed 87680K, reserved 1179648K
  class space    used 12448K, committed 12864K, reserved 1048576K
}
Event: 9171.928 GC heap before
{Heap before GC invocations=56 (full 4):
 garbage-first heap   total 114688K, used 88476K [0x0000000404000000, 0x0000000800000000)
  region size 8192K, 7 young (57344K), 1 survivors (8192K)
 Metaspace       used 86738K, committed 87680K, reserved 1179648K
  class space    used 12448K, committed 12864K, reserved 1048576K
}
Event: 9171.929 GC heap after
{Heap after GC invocations=57 (full 4):
 garbage-first heap   total 114688K, used 38581K [0x0000000404000000, 0x0000000800000000)
  region size 8192K, 1 young (8192K), 1 survivors (8192K)
 Metaspace       used 86738K, committed 87680K, reserved 1179648K
  class space    used 12448K, committed 12864K, reserved 1048576K
}
Event: 9694.874 GC heap before
{Heap before GC invocations=58 (full 4):
 garbage-first heap   total 114688K, used 87733K [0x0000000404000000, 0x0000000800000000)
  region size 8192K, 7 young (57344K), 1 survivors (8192K)
 Metaspace       used 86413K, committed 87616K, reserved 1179648K
  class space    used 12369K, committed 12864K, reserved 1048576K
}
Event: 9694.875 GC heap after
{Heap after GC invocations=59 (full 4):
 garbage-first heap   total 114688K, used 39302K [0x0000000404000000, 0x0000000800000000)
  region size 8192K, 1 young (8192K), 1 survivors (8192K)
 Metaspace       used 86413K, committed 87616K, reserved 1179648K
  class space    used 12369K, committed 12864K, reserved 1048576K
}
Event: 10057.642 GC heap before
{Heap before GC invocations=59 (full 4):
 garbage-first heap   total 114688K, used 72070K [0x0000000404000000, 0x0000000800000000)
  region size 8192K, 6 young (49152K), 1 survivors (8192K)
 Metaspace       used 86422K, committed 87616K, reserved 1179648K
  class space    used 12371K, committed 12864K, reserved 1048576K
}
Event: 10057.701 GC heap after
{Heap after GC invocations=60 (full 5):
 garbage-first heap   total 114688K, used 28859K [0x0000000404000000, 0x0000000800000000)
  region size 8192K, 0 young (0K), 0 survivors (0K)
 Metaspace       used 86411K, committed 87616K, reserved 1179648K
  class space    used 12368K, committed 12864K, reserved 1048576K
}
Event: 10060.771 GC heap before
{Heap before GC invocations=60 (full 5):
 garbage-first heap   total 114688K, used 94395K [0x0000000404000000, 0x0000000800000000)
  region size 8192K, 8 young (65536K), 0 survivors (0K)
 Metaspace       used 86786K, committed 87680K, reserved 1179648K
  class space    used 12438K, committed 12864K, reserved 1048576K
}
Event: 10060.773 GC heap after
{Heap after GC invocations=61 (full 5):
 garbage-first heap   total 114688K, used 35829K [0x0000000404000000, 0x0000000800000000)
  region size 8192K, 1 young (8192K), 1 survivors (8192K)
 Metaspace       used 86786K, committed 87680K, reserved 1179648K
  class space    used 12438K, committed 12864K, reserved 1048576K
}
Event: 13933.934 GC heap before
{Heap before GC invocations=62 (full 5):
 garbage-first heap   total 114688K, used 93173K [0x0000000404000000, 0x0000000800000000)
  region size 8192K, 8 young (65536K), 1 survivors (8192K)
 Metaspace       used 87133K, committed 88000K, reserved 1179648K
  class space    used 12469K, committed 12864K, reserved 1048576K
}
Event: 13933.943 GC heap after
{Heap after GC invocations=63 (full 5):
 garbage-first heap   total 114688K, used 38533K [0x0000000404000000, 0x0000000800000000)
  region size 8192K, 1 young (8192K), 1 survivors (8192K)
 Metaspace       used 87133K, committed 88000K, reserved 1179648K
  class space    used 12469K, committed 12864K, reserved 1048576K
}
Event: 19748.367 GC heap before
{Heap before GC invocations=63 (full 5):
 garbage-first heap   total 114688K, used 87685K [0x0000000404000000, 0x0000000800000000)
  region size 8192K, 7 young (57344K), 1 survivors (8192K)
 Metaspace       used 87169K, committed 88064K, reserved 1179648K
  class space    used 12474K, committed 12864K, reserved 1048576K
}

