# JRE version: OpenJDK Runtime Environment OpenLogic-OpenJDK (21.0.6+7) (build 21.0.6+7-adhoc.Administrator.jdk21u)
# Java VM: OpenJDK 64-Bit Server VM OpenLogic-OpenJDK (21.0.6+7-adhoc.Administrator.jdk21u, mixed mode, emulated-client, sharing, tiered, compressed oops, compressed class ptrs, g1 gc, windows-amd64)
GC Precious Log:
 CardTable entry size: 512
 Card Set container configuration: InlinePtr #cards 4 size 8 Array Of Cards #cards 64 size 144 Howl #buckets 8 coarsen threshold 14745 Howl Bitmap #cards 2048 size 272 coarsen threshold 1843 Card regions per heap region 1 cards per card region 16384
 CPUs: 24 total, 24 available
 Memory: 65276M
 Large Page Support: Disabled
 NUMA Support: Disabled
 Compressed Oops: Enabled (Zero based)
 Heap Region Size: 8M
 Heap Min Capacity: 8M
 Heap Initial Capacity: 1G
 Heap Max Capacity: 16320M
 Pre-touch: Disabled
 Parallel Workers: 18
 Concurrent Workers: 5
 Concurrent Refinement Workers: 18
 Periodic GC: Disabled
Heap:
 garbage-first heap   total 163840K, used 106477K [0x0000000404000000, 0x0000000800000000)
  region size 8192K, 10 young (81920K), 1 survivors (8192K)
 Metaspace       used 85180K, committed 86144K, reserved 1179648K
  class space    used 12305K, committed 12736K, reserved 1048576K
GC Heap History (20 events):
Event: 1.155 GC heap before
{Heap before GC invocations=6 (full 0):
 garbage-first heap   total 90112K, used 56213K [0x0000000404000000, 0x0000000800000000)
  region size 8192K, 6 young (49152K), 1 survivors (8192K)
 Metaspace       used 26770K, committed 27328K, reserved 1114112K
  class space    used 3500K, committed 3776K, reserved 1048576K
}
Event: 1.157 GC heap after
{Heap after GC invocations=7 (full 0):
 garbage-first heap   total 573440K, used 17580K [0x0000000404000000, 0x0000000800000000)
  region size 8192K, 1 young (8192K), 1 survivors (8192K)
 Metaspace       used 26770K, committed 27328K, reserved 1114112K
  class space    used 3500K, committed 3776K, reserved 1048576K
}
Event: 1.452 GC heap before
{Heap before GC invocations=7 (full 0):
 garbage-first heap   total 573440K, used 74924K [0x0000000404000000, 0x0000000800000000)
  region size 8192K, 9 young (73728K), 1 survivors (8192K)
 Metaspace       used 30779K, committed 31360K, reserved 1114112K
  class space    used 4123K, committed 4416K, reserved 1048576K
}
Event: 1.455 GC heap after
{Heap after GC invocations=8 (full 0):
 garbage-first heap   total 573440K, used 20688K [0x0000000404000000, 0x0000000800000000)
  region size 8192K, 2 young (16384K), 2 survivors (16384K)
 Metaspace       used 30779K, committed 31360K, reserved 1114112K
  class space    used 4123K, committed 4416K, reserved 1048576K
}
Event: 4.502 GC heap before
{Heap before GC invocations=9 (full 0):
 garbage-first heap   total 114688K, used 102608K [0x0000000404000000, 0x0000000800000000)
  region size 8192K, 12 young (98304K), 2 survivors (16384K)
 Metaspace       used 37686K, committed 38336K, reserved 1114112K
  class space    used 5034K, committed 5312K, reserved 1048576K
}
Event: 4.505 GC heap after
{Heap after GC invocations=10 (full 0):
 garbage-first heap   total 131072K, used 23773K [0x0000000404000000, 0x0000000800000000)
  region size 8192K, 2 young (16384K), 2 survivors (16384K)
 Metaspace       used 37686K, committed 38336K, reserved 1114112K
  class space    used 5034K, committed 5312K, reserved 1048576K
}
Event: 4.692 GC heap before
{Heap before GC invocations=10 (full 0):
 garbage-first heap   total 131072K, used 81117K [0x0000000404000000, 0x0000000800000000)
  region size 8192K, 9 young (73728K), 2 survivors (16384K)
 Metaspace       used 42656K, committed 43328K, reserved 1114112K
  class space    used 5758K, committed 6080K, reserved 1048576K
}
Event: 4.696 GC heap after
{Heap after GC invocations=11 (full 0):
 garbage-first heap   total 131072K, used 24691K [0x0000000404000000, 0x0000000800000000)
  region size 8192K, 2 young (16384K), 2 survivors (16384K)
 Metaspace       used 42656K, committed 43328K, reserved 1114112K
  class space    used 5758K, committed 6080K, reserved 1048576K
}
Event: 5.013 GC heap before
{Heap before GC invocations=11 (full 0):
 garbage-first heap   total 131072K, used 82035K [0x0000000404000000, 0x0000000800000000)
  region size 8192K, 9 young (73728K), 2 survivors (16384K)
 Metaspace       used 46936K, committed 47616K, reserved 1114112K
  class space    used 6552K, committed 6848K, reserved 1048576K
}
Event: 5.015 GC heap after
{Heap after GC invocations=12 (full 0):
 garbage-first heap   total 131072K, used 26990K [0x0000000404000000, 0x0000000800000000)
  region size 8192K, 2 young (16384K), 2 survivors (16384K)
 Metaspace       used 46936K, committed 47616K, reserved 1114112K
  class space    used 6552K, committed 6848K, reserved 1048576K
}
Event: 5.237 GC heap before
{Heap before GC invocations=12 (full 0):
 garbage-first heap   total 131072K, used 76142K [0x0000000404000000, 0x0000000800000000)
  region size 8192K, 9 young (73728K), 2 survivors (16384K)
 Metaspace       used 51905K, committed 52608K, reserved 1114112K
  class space    used 7194K, committed 7552K, reserved 1048576K
}
Event: 5.239 GC heap after
{Heap after GC invocations=13 (full 0):
 garbage-first heap   total 131072K, used 28382K [0x0000000404000000, 0x0000000800000000)
  region size 8192K, 1 young (8192K), 1 survivors (8192K)
 Metaspace       used 51905K, committed 52608K, reserved 1114112K
  class space    used 7194K, committed 7552K, reserved 1048576K
}
Event: 5.477 GC heap before
{Heap before GC invocations=14 (full 0):
 garbage-first heap   total 114688K, used 93918K [0x0000000404000000, 0x0000000800000000)
  region size 8192K, 9 young (73728K), 1 survivors (8192K)
 Metaspace       used 58595K, committed 59328K, reserved 1114112K
  class space    used 8228K, committed 8576K, reserved 1048576K
}
Event: 5.479 GC heap after
{Heap after GC invocations=15 (full 0):
 garbage-first heap   total 581632K, used 29014K [0x0000000404000000, 0x0000000800000000)
  region size 8192K, 2 young (16384K), 2 survivors (16384K)
 Metaspace       used 58595K, committed 59328K, reserved 1114112K
  class space    used 8228K, committed 8576K, reserved 1048576K
}
Event: 13.586 GC heap before
{Heap before GC invocations=15 (full 0):
 garbage-first heap   total 581632K, used 356694K [0x0000000404000000, 0x0000000800000000)
  region size 8192K, 42 young (344064K), 2 survivors (16384K)
 Metaspace       used 82788K, committed 83712K, reserved 1179648K
  class space    used 11912K, committed 12352K, reserved 1048576K
}
Event: 13.592 GC heap after
{Heap after GC invocations=16 (full 0):
 garbage-first heap   total 581632K, used 40533K [0x0000000404000000, 0x0000000800000000)
  region size 8192K, 3 young (24576K), 3 survivors (24576K)
 Metaspace       used 82788K, committed 83712K, reserved 1179648K
  class space    used 11912K, committed 12352K, reserved 1048576K
}
Event: 16.181 GC heap before
{Heap before GC invocations=16 (full 0):
 garbage-first heap   total 581632K, used 65109K [0x0000000404000000, 0x0000000800000000)
  region size 8192K, 7 young (57344K), 3 survivors (24576K)
 Metaspace       used 84370K, committed 85312K, reserved 1179648K
  class space    used 12123K, committed 12544K, reserved 1048576K
}
Event: 16.186 GC heap after
{Heap after GC invocations=17 (full 0):
 garbage-first heap   total 581632K, used 38912K [0x0000000404000000, 0x0000000800000000)
  region size 8192K, 3 young (24576K), 3 survivors (24576K)
 Metaspace       used 84370K, committed 85312K, reserved 1179648K
  class space    used 12123K, committed 12544K, reserved 1048576K
}
Event: 429.660 GC heap before
{Heap before GC invocations=18 (full 0):
 garbage-first heap   total 163840K, used 112640K [0x0000000404000000, 0x0000000800000000)
  region size 8192K, 12 young (98304K), 3 survivors (24576K)
 Metaspace       used 85020K, committed 85952K, reserved 1179648K
  class space    used 12281K, committed 12672K, reserved 1048576K
}
Event: 429.665 GC heap after
{Heap after GC invocations=19 (full 0):
 garbage-first heap   total 163840K, used 40941K [0x0000000404000000, 0x0000000800000000)
  region size 8192K, 1 young (8192K), 1 survivors (8192K)
 Metaspace       used 85020K, committed 85952K, reserved 1179648K
  class space    used 12281K, committed 12672K, reserved 1048576K
}

