# JRE version: OpenJDK Runtime Environment OpenLogic-OpenJDK (21.0.6+7) (build 21.0.6+7-adhoc.Administrator.jdk21u)
# Java VM: OpenJDK 64-Bit Server VM OpenLogic-OpenJDK (21.0.6+7-adhoc.Administrator.jdk21u, mixed mode, emulated-client, sharing, tiered, compressed oops, compressed class ptrs, g1 gc, windows-amd64)
GC Precious Log:
 CardTable entry size: 512
 Card Set container configuration: InlinePtr #cards 4 size 8 Array Of Cards #cards 64 size 144 Howl #buckets 8 coarsen threshold 14745 Howl Bitmap #cards 2048 size 272 coarsen threshold 1843 Card regions per heap region 1 cards per card region 16384
 CPUs: 24 total, 24 available
 Memory: 65276M
 Large Page Support: Disabled
 NUMA Support: Disabled
 Compressed Oops: Enabled (Zero based)
 Heap Region Size: 8M
 Heap Min Capacity: 8M
 Heap Initial Capacity: 1G
 Heap Max Capacity: 16320M
 Pre-touch: Disabled
 Parallel Workers: 18
 Concurrent Workers: 5
 Concurrent Refinement Workers: 18
 Periodic GC: Disabled
Heap:
 garbage-first heap   total 163840K, used 96026K [0x0000000404000000, 0x0000000800000000)
  region size 8192K, 9 young (73728K), 1 survivors (8192K)
 Metaspace       used 84493K, committed 85824K, reserved 1179648K
  class space    used 12130K, committed 12672K, reserved 1048576K
GC Heap History (20 events):
Event: 4.893 GC heap before
{Heap before GC invocations=15 (full 0):
 garbage-first heap   total 98304K, used 74985K [0x0000000404000000, 0x0000000800000000)
  region size 8192K, 7 young (57344K), 1 survivors (8192K)
 Metaspace       used 47903K, committed 48576K, reserved 1114112K
  class space    used 6691K, committed 7040K, reserved 1048576K
}
Event: 4.895 GC heap after
{Heap after GC invocations=16 (full 0):
 garbage-first heap   total 98304K, used 26891K [0x0000000404000000, 0x0000000800000000)
  region size 8192K, 1 young (8192K), 1 survivors (8192K)
 Metaspace       used 47903K, committed 48576K, reserved 1114112K
  class space    used 6691K, committed 7040K, reserved 1048576K
}
Event: 5.078 GC heap before
{Heap before GC invocations=16 (full 0):
 garbage-first heap   total 98304K, used 67851K [0x0000000404000000, 0x0000000800000000)
  region size 8192K, 7 young (57344K), 1 survivors (8192K)
 Metaspace       used 52370K, committed 53120K, reserved 1114112K
  class space    used 7275K, committed 7616K, reserved 1048576K
}
Event: 5.079 GC heap after
{Heap after GC invocations=17 (full 0):
 garbage-first heap   total 98304K, used 27852K [0x0000000404000000, 0x0000000800000000)
  region size 8192K, 1 young (8192K), 1 survivors (8192K)
 Metaspace       used 52370K, committed 53120K, reserved 1114112K
  class space    used 7275K, committed 7616K, reserved 1048576K
}
Event: 5.239 GC heap before
{Heap before GC invocations=17 (full 0):
 garbage-first heap   total 98304K, used 77004K [0x0000000404000000, 0x0000000800000000)
  region size 8192K, 7 young (57344K), 1 survivors (8192K)
 Metaspace       used 57923K, committed 58624K, reserved 1114112K
  class space    used 8051K, committed 8384K, reserved 1048576K
}
Event: 5.241 GC heap after
{Heap after GC invocations=18 (full 0):
 garbage-first heap   total 98304K, used 28472K [0x0000000404000000, 0x0000000800000000)
  region size 8192K, 1 young (8192K), 1 survivors (8192K)
 Metaspace       used 57923K, committed 58624K, reserved 1114112K
  class space    used 8051K, committed 8384K, reserved 1048576K
}
Event: 5.426 GC heap before
{Heap before GC invocations=18 (full 0):
 garbage-first heap   total 98304K, used 77624K [0x0000000404000000, 0x0000000800000000)
  region size 8192K, 7 young (57344K), 1 survivors (8192K)
 Metaspace       used 61458K, committed 62144K, reserved 1114112K
  class space    used 8647K, committed 8960K, reserved 1048576K
}
Event: 5.428 GC heap after
{Heap after GC invocations=19 (full 0):
 garbage-first heap   total 573440K, used 29036K [0x0000000404000000, 0x0000000800000000)
  region size 8192K, 1 young (8192K), 1 survivors (8192K)
 Metaspace       used 61458K, committed 62144K, reserved 1114112K
  class space    used 8647K, committed 8960K, reserved 1048576K
}
Event: 5.710 GC heap before
{Heap before GC invocations=19 (full 0):
 garbage-first heap   total 573440K, used 94572K [0x0000000404000000, 0x0000000800000000)
  region size 8192K, 10 young (81920K), 1 survivors (8192K)
 Metaspace       used 67334K, committed 68096K, reserved 1114112K
  class space    used 9433K, committed 9792K, reserved 1048576K
}
Event: 5.712 GC heap after
{Heap after GC invocations=20 (full 0):
 garbage-first heap   total 573440K, used 31610K [0x0000000404000000, 0x0000000800000000)
  region size 8192K, 1 young (8192K), 1 survivors (8192K)
 Metaspace       used 67334K, committed 68096K, reserved 1114112K
  class space    used 9433K, committed 9792K, reserved 1048576K
}
Event: 6.337 GC heap before
{Heap before GC invocations=21 (full 0):
 garbage-first heap   total 139264K, used 129914K [0x0000000404000000, 0x0000000800000000)
  region size 8192K, 13 young (106496K), 1 survivors (8192K)
 Metaspace       used 72302K, committed 73152K, reserved 1114112K
  class space    used 10270K, committed 10624K, reserved 1048576K
}
Event: 6.344 GC heap after
{Heap after GC invocations=22 (full 0):
 garbage-first heap   total 155648K, used 35998K [0x0000000404000000, 0x0000000800000000)
  region size 8192K, 2 young (16384K), 2 survivors (16384K)
 Metaspace       used 72302K, committed 73152K, reserved 1114112K
  class space    used 10270K, committed 10624K, reserved 1048576K
}
Event: 21.777 GC heap before
{Heap before GC invocations=22 (full 0):
 garbage-first heap   total 155648K, used 109726K [0x0000000404000000, 0x0000000800000000)
  region size 8192K, 11 young (90112K), 2 survivors (16384K)
 Metaspace       used 76713K, committed 77632K, reserved 1179648K
  class space    used 10901K, committed 11328K, reserved 1048576K
}
Event: 21.779 GC heap after
{Heap after GC invocations=23 (full 0):
 garbage-first heap   total 155648K, used 37654K [0x0000000404000000, 0x0000000800000000)
  region size 8192K, 2 young (16384K), 2 survivors (16384K)
 Metaspace       used 76713K, committed 77632K, reserved 1179648K
  class space    used 10901K, committed 11328K, reserved 1048576K
}
Event: 22.097 GC heap before
{Heap before GC invocations=23 (full 0):
 garbage-first heap   total 155648K, used 111382K [0x0000000404000000, 0x0000000800000000)
  region size 8192K, 11 young (90112K), 2 survivors (16384K)
 Metaspace       used 83284K, committed 84224K, reserved 1179648K
  class space    used 12009K, committed 12416K, reserved 1048576K
}
Event: 22.100 GC heap after
{Heap after GC invocations=24 (full 0):
 garbage-first heap   total 155648K, used 39980K [0x0000000404000000, 0x0000000800000000)
  region size 8192K, 2 young (16384K), 2 survivors (16384K)
 Metaspace       used 83284K, committed 84224K, reserved 1179648K
  class space    used 12009K, committed 12416K, reserved 1048576K
}
Event: 306.355 GC heap before
{Heap before GC invocations=24 (full 0):
 garbage-first heap   total 155648K, used 80940K [0x0000000404000000, 0x0000000800000000)
  region size 8192K, 8 young (65536K), 2 survivors (16384K)
 Metaspace       used 84781K, committed 85760K, reserved 1179648K
  class space    used 12211K, committed 12672K, reserved 1048576K
}
Event: 306.365 GC heap after
{Heap after GC invocations=25 (full 0):
 garbage-first heap   total 606208K, used 40129K [0x0000000404000000, 0x0000000800000000)
  region size 8192K, 2 young (16384K), 2 survivors (16384K)
 Metaspace       used 84781K, committed 85760K, reserved 1179648K
  class space    used 12211K, committed 12672K, reserved 1048576K
}
Event: 1113.836 GC heap before
{Heap before GC invocations=26 (full 0):
 garbage-first heap   total 163840K, used 122049K [0x0000000404000000, 0x0000000800000000)
  region size 8192K, 12 young (98304K), 2 survivors (16384K)
 Metaspace       used 84421K, committed 85760K, reserved 1179648K
  class space    used 12122K, committed 12672K, reserved 1048576K
}
Event: 1113.845 GC heap after
{Heap after GC invocations=27 (full 0):
 garbage-first heap   total 163840K, used 38682K [0x0000000404000000, 0x0000000800000000)
  region size 8192K, 1 young (8192K), 1 survivors (8192K)
 Metaspace       used 84421K, committed 85760K, reserved 1179648K
  class space    used 12122K, committed 12672K, reserved 1048576K
}

